<?xml version="1.0" encoding="UTF-8"?>
<testng-results ignored="0" total="1" passed="1" failed="0" skipped="0">
  <reporter-output>
  </reporter-output>
  <suite started-at="2025-08-19T11:26:33 IST" name="Suite" finished-at="2025-08-19T11:26:39 IST" duration-ms="6116">
    <groups>
      <group name="Master">
        <method signature="TC001_AccountRegistraionTest.verify_account_registration()[pri:0, instance:testCases.TC001_AccountRegistraionTest@5ddf0d24]" name="verify_account_registration" class="testCases.TC001_AccountRegistraionTest"/>
      </group> <!-- Master -->
      <group name="Regression">
        <method signature="TC001_AccountRegistraionTest.verify_account_registration()[pri:0, instance:testCases.TC001_AccountRegistraionTest@5ddf0d24]" name="verify_account_registration" class="testCases.TC001_AccountRegistraionTest"/>
      </group> <!-- Regression -->
    </groups>
    <test started-at="2025-08-19T11:26:33 IST" name="Test" finished-at="2025-08-19T11:26:39 IST" duration-ms="6116">
      <class name="testCases.TC001_AccountRegistraionTest">
        <test-method is-config="true" signature="setup(java.lang.String,java.lang.String)[pri:0, instance:testCases.TC001_AccountRegistraionTest@5ddf0d24]" started-at="2025-08-19T11:26:33 IST" name="setup" finished-at="2025-08-19T11:26:37 IST" duration-ms="3805" status="PASS">
          <params>
            <param index="0">
              <value>
                <![CDATA[Windows]]>
              </value>
            </param>
            <param index="1">
              <value>
                <![CDATA[chrome]]>
              </value>
            </param>
          </params>
          <reporter-output>
          </reporter-output>
        </test-method> <!-- setup -->
        <test-method signature="verify_account_registration()[pri:0, instance:testCases.TC001_AccountRegistraionTest@5ddf0d24]" started-at="2025-08-19T11:26:37 IST" name="verify_account_registration" finished-at="2025-08-19T11:26:39 IST" duration-ms="1951" status="PASS">
          <reporter-output>
          </reporter-output>
        </test-method> <!-- verify_account_registration -->
        <test-method is-config="true" signature="tearDown()[pri:0, instance:testCases.TC001_AccountRegistraionTest@5ddf0d24]" started-at="2025-08-19T11:26:39 IST" name="tearDown" finished-at="2025-08-19T11:26:39 IST" duration-ms="171" status="PASS">
          <reporter-output>
          </reporter-output>
        </test-method> <!-- tearDown -->
      </class> <!-- testCases.TC001_AccountRegistraionTest -->
    </test> <!-- Test -->
  </suite> <!-- Suite -->
</testng-results>
